  World.cpp
c:\users\martin\documents\github\raytracer\raytracer\utilities\rgbcolor.h(84): warning C4244: 'return': conversion from 'double' to 'float', possible loss of data
c:\users\martin\documents\github\raytracer\raytracer\world\world.cpp(44): warning C4305: 'argument': truncation from 'double' to 'float'
c:\users\martin\documents\github\raytracer\raytracer\world\world.cpp(52): warning C4244: 'argument': conversion from 'float' to 'int', possible loss of data
c:\users\martin\documents\github\raytracer\raytracer\world\world.cpp(60): warning C4244: 'argument': conversion from 'float' to 'const int', possible loss of data
c:\users\martin\documents\github\raytracer\raytracer\world\world.cpp(61): warning C4244: 'argument': conversion from 'float' to 'const int', possible loss of data
c:\users\martin\documents\github\raytracer\raytracer\world\world.cpp(80): warning C4305: 'argument': truncation from 'double' to 'const float'
c:\users\martin\documents\github\raytracer\raytracer\world\world.cpp(102): warning C4305: 'argument': truncation from 'double' to 'const float'
c:\users\martin\documents\github\raytracer\raytracer\world\world.cpp(103): warning C4305: 'argument': truncation from 'double' to 'const float'
c:\users\martin\documents\github\raytracer\raytracer\world\world.cpp(133): warning C4305: 'argument': truncation from 'double' to 'const float'
c:\users\martin\documents\github\raytracer\raytracer\world\world.cpp(134): warning C4305: 'argument': truncation from 'double' to 'const float'
c:\users\martin\documents\github\raytracer\raytracer\world\world.cpp(137): warning C4305: 'argument': truncation from 'double' to 'const float'
c:\users\martin\documents\github\raytracer\raytracer\world\world.cpp(150): warning C4305: 'argument': truncation from 'double' to 'const float'
c:\users\martin\documents\github\raytracer\raytracer\world\world.cpp(151): warning C4305: 'argument': truncation from 'double' to 'const float'
c:\users\martin\documents\github\raytracer\raytracer\world\world.cpp(166): warning C4244: 'argument': conversion from 'float' to 'int', possible loss of data
c:\users\martin\documents\github\raytracer\raytracer\world\world.cpp(174): warning C4244: 'argument': conversion from 'float' to 'const int', possible loss of data
c:\users\martin\documents\github\raytracer\raytracer\world\world.cpp(175): warning C4244: 'argument': conversion from 'float' to 'const int', possible loss of data
c:\users\martin\documents\github\raytracer\raytracer\world\world.cpp(194): warning C4305: 'argument': truncation from 'double' to 'const float'
c:\users\martin\documents\github\raytracer\raytracer\world\world.cpp(208): warning C4305: 'argument': truncation from 'double' to 'const float'
c:\users\martin\documents\github\raytracer\raytracer\world\world.cpp(209): warning C4305: 'argument': truncation from 'double' to 'const float'
c:\users\martin\documents\github\raytracer\raytracer\world\world.cpp(210): warning C4305: 'argument': truncation from 'double' to 'const float'
c:\users\martin\documents\github\raytracer\raytracer\world\world.cpp(223): warning C4305: 'argument': truncation from 'double' to 'const float'
c:\users\martin\documents\github\raytracer\raytracer\world\world.cpp(224): warning C4305: 'argument': truncation from 'double' to 'const float'
c:\users\martin\documents\github\raytracer\raytracer\world\world.cpp(225): warning C4305: 'argument': truncation from 'double' to 'const float'
c:\users\martin\documents\github\raytracer\raytracer\world\world.cpp(241): warning C4305: 'argument': truncation from 'double' to 'const float'
c:\users\martin\documents\github\raytracer\raytracer\world\world.cpp(242): warning C4305: 'argument': truncation from 'double' to 'const float'
c:\users\martin\documents\github\raytracer\raytracer\world\world.cpp(243): warning C4305: 'argument': truncation from 'double' to 'const float'
c:\users\martin\documents\github\raytracer\raytracer\world\world.cpp(244): warning C4305: 'argument': truncation from 'double' to 'const float'
c:\users\martin\documents\github\raytracer\raytracer\world\world.cpp(256): warning C4305: 'argument': truncation from 'double' to 'const float'
c:\users\martin\documents\github\raytracer\raytracer\world\world.cpp(257): warning C4305: 'argument': truncation from 'double' to 'const float'
c:\users\martin\documents\github\raytracer\raytracer\world\world.cpp(258): warning C4305: 'argument': truncation from 'double' to 'const float'
c:\users\martin\documents\github\raytracer\raytracer\world\world.cpp(271): warning C4305: 'argument': truncation from 'double' to 'const float'
c:\users\martin\documents\github\raytracer\raytracer\world\world.cpp(272): warning C4305: 'argument': truncation from 'double' to 'const float'
c:\users\martin\documents\github\raytracer\raytracer\world\world.cpp(298): warning C4244: '=': conversion from 'double' to 'float', possible loss of data
cl : Command line warning D9028: minimal rebuild failure, reverting to normal build
  RayTracer.vcxproj -> C:\Users\Martin\Documents\GitHub\RayTracer\Debug\RayTracer.exe
